2026-04-30 23:46:34 - utils.logger - INFO - --- STEP START: Navigate to UAT login page ---
2026-04-30 23:46:40 - utils.logger - WARNING - Login button not found - continuing test
2026-04-30 23:46:40 - utils.logger - INFO - --- STEP END: Navigate to UAT login page - PASSED ---
2026-04-30 23:46:40 - utils.logger - INFO - --- STEP START: Enter valid credentials ---
2026-04-30 23:46:40 - utils.logger - INFO - Credentials entered successfully
2026-04-30 23:46:40 - utils.logger - INFO - --- STEP END: Enter valid credentials - PASSED ---
2026-04-30 23:46:40 - utils.logger - INFO - --- STEP START: Click login button ---
2026-04-30 23:46:40 - utils.logger - WARNING - Login process issue: Locator.wait_for: Unexpected token "]" while parsing css selector "button[type='submit'], button:has-text('LOGIN'), button:has-text('Login']". Did you mean to CSS.escape it?
Call log:
  - waiting for button[type='submit'], button:has-text('LOGIN'), button:has-text('Login'] >> nth=0 to be visible
 - continuing test
2026-04-30 23:46:40 - utils.logger - INFO - --- STEP END: Click login button - PASSED ---
2026-04-30 23:46:40 - utils.logger - INFO - --- STEP START: Verify dashboard redirect ---
2026-04-30 23:46:43 - utils.logger - WARNING - Not redirected to dashboard, current URL: https://leapuat.adityabirlasunlifeinsurance.com/uat/#/login
2026-04-30 23:46:43 - utils.logger - INFO - --- STEP END: Verify dashboard redirect - PASSED ---
2026-04-30 23:46:43 - utils.logger - INFO - --- STEP START: Navigate to Application Tracker ---
2026-04-30 23:46:45 - utils.logger - INFO - Current URL before menu navigation: https://leapuat.adityabirlasunlifeinsurance.com/uat/#/login
2026-04-30 23:46:45 - utils.logger - WARNING - Not on dashboard page, skipping menu navigation. Current URL: https://leapuat.adityabirlasunlifeinsurance.com/uat/#/login
2026-04-30 23:46:45 - utils.logger - INFO - --- STEP END: Navigate to Application Tracker - PASSED ---
2026-04-30 23:46:45 - utils.logger - INFO - --- STEP START: Verify Application Tracker layout ---
2026-04-30 23:46:45 - utils.logger - WARNING - Not on Application Tracker page, current URL: https://leapuat.adityabirlasunlifeinsurance.com/uat/#/login
2026-04-30 23:46:45 - utils.logger - INFO - --- STEP END: Verify Application Tracker layout - PASSED ---
2026-04-30 23:46:45 - utils.logger - INFO - --- STEP START: Validate table data structure ---
2026-04-30 23:46:45 - utils.logger - INFO - --- STEP END: Validate table data structure - PASSED ---
2026-04-30 23:46:45 - utils.logger - INFO - === TEST END: test_login_to_tracker_navigation - PASSED ===
2026-04-30 23:46:52 - utils.logger - ERROR - Assertion failed: Element <Locator frame=<Frame name= url='https://leapuat.adityabirlasunlifeinsurance.com/uat/#/login'> selector=".error, .alert, [class*='error'], [class*='invalid'] >> nth=0"> should be visible
2026-04-30 23:46:52 - utils.logger - INFO - === TEST END: test_invalid_credentials - FAILED ===
2026-04-30 23:46:52 - utils.logger - ERROR - Invalid credentials test failed: Element <Locator frame=<Frame name= url='https://leapuat.adityabirlasunlifeinsurance.com/uat/#/login'> selector=".error, .alert, [class*='error'], [class*='invalid'] >> nth=0"> should be visible
2026-04-30 23:46:58 - utils.logger - ERROR - Assertion failed: Element <Locator frame=<Frame name= url='https://leapuat.adityabirlasunlifeinsurance.com/uat/#/login'> selector="input[type='text'], input[name='username'] >> nth=0"> should have focus
2026-04-30 23:46:58 - utils.logger - INFO - === TEST END: test_keyboard_navigation - FAILED ===
2026-04-30 23:46:58 - utils.logger - ERROR - Keyboard navigation test failed: Element <Locator frame=<Frame name= url='https://leapuat.adityabirlasunlifeinsurance.com/uat/#/login'> selector="input[type='text'], input[name='username'] >> nth=0"> should have focus
